Build started 1/15/2016 6:17:12 PM.
     1>Project "C:\Users\wh0\work\duktape\node-secureworker-internal\build\node-secureworker-internal.vcxproj" on node 2 (Build target(s)).
     1>Link:
         C:\Program Files (x86)\Microsoft Visual Studio 11.0\VC\bin\link.exe /ERRORREPORT:PROMPT /OUT:"C:\Users\wh0\work\duktape\Debug\node-secureworker-internal.node" /INCREMENTAL /NOLOGO /LIBPATH:"C:\Program Files (x86)\Intel\IntelSGXSDK\\bin\Win32\Debug" kernel32.lib user32.lib gdi32.lib winspool.lib comdlg32.lib advapi32.lib shell32.lib ole32.lib oleaut32.lib uuid.lib odbc32.lib DelayImp.lib "C:\Users\wh0\.node-gyp\0.10.40\Debug\node.lib" sgx_urts.lib sgx_uae_service.lib /MANIFEST /MANIFESTUAC:"level='asInvoker' uiAccess='false'" /manifest:embed /DEBUG /PDB:"C:\Users\wh0\work\duktape\Debug\node-secureworker-internal.pdb" /TLBID:1 /DYNAMICBASE /NXCOMPAT /MACHINE:X86 /SAFESEH /DLL "Debug\obj\node-secureworker-internal\secureworker-internal.obj"
         "Debug\obj\node-secureworker-internal\duk_enclave_u.obj"
     1>LINK : fatal error LNK1104: cannot open file 'C:\Users\wh0\.node-gyp\0.10.40\Debug\node.lib'
     1>Done Building Project "C:\Users\wh0\work\duktape\node-secureworker-internal\build\node-secureworker-internal.vcxproj" (Build target(s)) -- FAILED.

Build FAILED.

Time Elapsed 00:00:00.28
